{
  "stats": {
    "suites": 1,
    "tests": 28,
    "passes": 27,
    "pending": 0,
    "failures": 1,
    "start": "2022-10-03T13:18:39.289Z",
    "end": "2022-10-03T13:19:19.840Z",
    "duration": 40551,
    "testsRegistered": 28,
    "passPercent": 96.42857142857143,
    "pendingPercent": 0,
    "other": 0,
    "hasOther": false,
    "skipped": 0,
    "hasSkipped": false
  },
  "results": [
    {
      "uuid": "351dffa0-ef80-4c2d-8597-d4bfc4278607",
      "title": "",
      "fullFile": "cypress\\e2e\\todo.cy.js",
      "file": "cypress\\e2e\\todo.cy.js",
      "beforeHooks": [],
      "afterHooks": [],
      "tests": [],
      "suites": [
        {
          "uuid": "ed8cdb5e-af54-4606-b51f-9e6b6da1b2d3",
          "title": "TodoMVC - React",
          "fullFile": "",
          "file": "",
          "beforeHooks": [],
          "afterHooks": [],
          "tests": [
            {
              "title": "adds 2 todos",
              "fullTitle": "TodoMVC - React adds 2 todos",
              "timedOut": null,
              "duration": 1551,
              "state": "passed",
              "speed": "fast",
              "pass": true,
              "fail": false,
              "pending": false,
              "context": null,
              "code": "cy.get('.new-todo').type(`${TODO_ITEM_ONE}{enter}`).type(`${TODO_ITEM_TWO}{enter}`).type(`${TODO_ITEM_THREE}{enter}`);",
              "err": {},
              "uuid": "e206b4dc-1a89-4bf5-8487-dc886c44d407",
              "parentUUID": "ed8cdb5e-af54-4606-b51f-9e6b6da1b2d3",
              "isHook": false,
              "skipped": false
            },
            {
              "title": "should focus on the todo input field",
              "fullTitle": "TodoMVC - React should focus on the todo input field",
              "timedOut": null,
              "duration": 434,
              "state": "passed",
              "speed": "fast",
              "pass": true,
              "fail": false,
              "pending": false,
              "context": null,
              "code": "cy.focused().should('have.class', 'new-todo');",
              "err": {},
              "uuid": "569cbf6e-5d60-4681-8c43-a60f8199749f",
              "parentUUID": "ed8cdb5e-af54-4606-b51f-9e6b6da1b2d3",
              "isHook": false,
              "skipped": false
            },
            {
              "title": "No Todos",
              "fullTitle": "TodoMVC - React No Todos",
              "timedOut": null,
              "duration": 647,
              "state": "passed",
              "speed": "fast",
              "pass": true,
              "fail": false,
              "pending": false,
              "context": null,
              "code": "cy.get('.main').should('not.exist');\ncy.get('.footer').should('not.exist');",
              "err": {},
              "uuid": "347f5f09-b539-4a3b-af32-3d2865b1eac2",
              "parentUUID": "ed8cdb5e-af54-4606-b51f-9e6b6da1b2d3",
              "isHook": false,
              "skipped": false
            },
            {
              "title": "New Todos",
              "fullTitle": "TodoMVC - React New Todos",
              "timedOut": null,
              "duration": 950,
              "state": "passed",
              "speed": "fast",
              "pass": true,
              "fail": false,
              "pending": false,
              "context": null,
              "code": "cy.get('.new-todo').type(`${TODO_ITEM_ONE}{enter}`);\ncy.get('.todo-list li:first-child label').should('contain', TODO_ITEM_ONE);",
              "err": {},
              "uuid": "c51d1f17-ece2-4501-9f64-9ebcac4353c6",
              "parentUUID": "ed8cdb5e-af54-4606-b51f-9e6b6da1b2d3",
              "isHook": false,
              "skipped": false
            },
            {
              "title": "adds items",
              "fullTitle": "TodoMVC - React adds items",
              "timedOut": null,
              "duration": 1458,
              "state": "passed",
              "speed": "fast",
              "pass": true,
              "fail": false,
              "pending": false,
              "context": null,
              "code": "cy.get('.new-todo').type(`${TODO_ITEM_ONE}{enter}`);\ncy.get('.new-todo').type(`${TODO_ITEM_TWO}{enter}`);\ncy.get('.new-todo').type(`${TODO_ITEM_THREE}{enter}`);\ncy.get('.todo-list li').should('have.length', 3);",
              "err": {},
              "uuid": "85af9322-d67e-4630-ac88-6d90ed63a6df",
              "parentUUID": "ed8cdb5e-af54-4606-b51f-9e6b6da1b2d3",
              "isHook": false,
              "skipped": false
            },
            {
              "title": "should append new items to the bottom of the list",
              "fullTitle": "TodoMVC - React should append new items to the bottom of the list",
              "timedOut": null,
              "duration": 1416,
              "state": "passed",
              "speed": "fast",
              "pass": true,
              "fail": false,
              "pending": false,
              "context": null,
              "code": "cy.get('.new-todo').type(`${TODO_ITEM_ONE}{enter}`);\ncy.get('.new-todo').type(`${TODO_ITEM_TWO}{enter}`);\ncy.get('.new-todo').type(`${TODO_ITEM_THREE}{enter}`);\ncy.get('.todo-list li:last-child').should('contain', TODO_ITEM_THREE);",
              "err": {},
              "uuid": "01ae5bcd-e2c7-4506-a207-4e0812f8d900",
              "parentUUID": "ed8cdb5e-af54-4606-b51f-9e6b6da1b2d3",
              "isHook": false,
              "skipped": false
            },
            {
              "title": "should seed default todos",
              "fullTitle": "TodoMVC - React should seed default todos",
              "timedOut": null,
              "duration": 1343,
              "state": "passed",
              "speed": "fast",
              "pass": true,
              "fail": false,
              "pending": false,
              "context": null,
              "code": "cy.createDefaultTodos();",
              "err": {},
              "uuid": "803e3b9d-8068-428b-b97b-69bbb87a7589",
              "parentUUID": "ed8cdb5e-af54-4606-b51f-9e6b6da1b2d3",
              "isHook": false,
              "skipped": false
            },
            {
              "title": "should create one todo",
              "fullTitle": "TodoMVC - React should create one todo",
              "timedOut": null,
              "duration": 680,
              "state": "passed",
              "speed": "fast",
              "pass": true,
              "fail": false,
              "pending": false,
              "context": null,
              "code": "cy.createTodo('Test 1');",
              "err": {},
              "uuid": "78df0e50-5eb1-4bd2-a3be-b9759338b538",
              "parentUUID": "ed8cdb5e-af54-4606-b51f-9e6b6da1b2d3",
              "isHook": false,
              "skipped": false
            },
            {
              "title": "should show #main and #footer when items added",
              "fullTitle": "TodoMVC - React should show #main and #footer when items added",
              "timedOut": null,
              "duration": 623,
              "state": "passed",
              "speed": "fast",
              "pass": true,
              "fail": false,
              "pending": false,
              "context": null,
              "code": "cy.createTodo('Test 1');\ncy.get('.main').should('exist');\ncy.get('.footer').should('exist');",
              "err": {},
              "uuid": "ca55e7e6-5ceb-4084-9628-44e77d81e1ae",
              "parentUUID": "ed8cdb5e-af54-4606-b51f-9e6b6da1b2d3",
              "isHook": false,
              "skipped": false
            },
            {
              "title": "Mark all as completed",
              "fullTitle": "TodoMVC - React Mark all as completed",
              "timedOut": null,
              "duration": 1868,
              "state": "passed",
              "speed": "fast",
              "pass": true,
              "fail": false,
              "pending": false,
              "context": null,
              "code": "cy.createDefaultTodos().as('todos');\ncy.get('ul [type=\"checkbox\"]').check();\ncy.get('@todos').each(el => {\n  cy.wrap(el).should('have.class', 'completed');\n});",
              "err": {},
              "uuid": "fe6a7b59-c7e8-4fd3-8d01-693b7497cfd1",
              "parentUUID": "ed8cdb5e-af54-4606-b51f-9e6b6da1b2d3",
              "isHook": false,
              "skipped": false
            },
            {
              "title": "should allow me to clear the complete state of all items",
              "fullTitle": "TodoMVC - React should allow me to clear the complete state of all items",
              "timedOut": null,
              "duration": 2154,
              "state": "passed",
              "speed": "fast",
              "pass": true,
              "fail": false,
              "pending": false,
              "context": null,
              "code": "cy.createDefaultTodos().as('todos');\ncy.get('ul [type=\"checkbox\"]').check();\ncy.get('ul [type=\"checkbox\"]').uncheck();\ncy.get('@todos').each(el => {\n  cy.wrap(el).should('not.have.class', 'completed');\n});",
              "err": {},
              "uuid": "2d113470-9c99-44d6-9f25-76164491162d",
              "parentUUID": "ed8cdb5e-af54-4606-b51f-9e6b6da1b2d3",
              "isHook": false,
              "skipped": false
            },
            {
              "title": "should allow me to edit an item",
              "fullTitle": "TodoMVC - React should allow me to edit an item",
              "timedOut": null,
              "duration": 2196,
              "state": "passed",
              "speed": "fast",
              "pass": true,
              "fail": false,
              "pending": false,
              "context": null,
              "code": "cy.createDefaultTodos();\ncy.get('ul [type=\"checkbox\"]').check();\ncy.get('ul li [type=\"checkbox\"]').eq(1).uncheck();\ncy.get('ul li').eq(1).as('secondEl').find('label').dblclick();\ncy.get('@secondEl').find('.edit').clear().type('Test NEW').type('{enter}');\ncy.get('@secondEl').should('contain', 'Test NEW');",
              "err": {},
              "uuid": "374d3508-ba8e-4b90-940c-e4e150d251d6",
              "parentUUID": "ed8cdb5e-af54-4606-b51f-9e6b6da1b2d3",
              "isHook": false,
              "skipped": false
            },
            {
              "title": "should hide other controls when editing",
              "fullTitle": "TodoMVC - React should hide other controls when editing",
              "timedOut": null,
              "duration": 1835,
              "state": "passed",
              "speed": "fast",
              "pass": true,
              "fail": false,
              "pending": false,
              "context": null,
              "code": "cy.createDefaultTodos();\ncy.get('ul [type=\"checkbox\"]').check();\ncy.get('ul li [type=\"checkbox\"]').eq(1).uncheck();\ncy.get('ul li').eq(1).as('secondEl').find('label').dblclick();\ncy.get('@secondEl').find('[type=\"checkbox\"]').should('not.be.visible');\ncy.get('@secondEl').find('.destroy').should('not.be.visible');",
              "err": {},
              "uuid": "7bc02d48-efe6-4284-8048-14702c4f86e3",
              "parentUUID": "ed8cdb5e-af54-4606-b51f-9e6b6da1b2d3",
              "isHook": false,
              "skipped": false
            },
            {
              "title": "should trim entered text",
              "fullTitle": "TodoMVC - React should trim entered text",
              "timedOut": null,
              "duration": 1695,
              "state": "passed",
              "speed": "fast",
              "pass": true,
              "fail": false,
              "pending": false,
              "context": null,
              "code": "cy.createDefaultTodos();\ncy.get('.new-todo').type(' Test New ').type('{enter}');\ncy.get('.main ul li').should('have.length', 4);",
              "err": {},
              "uuid": "fba75c83-159f-4ec4-971e-c111d888347c",
              "parentUUID": "ed8cdb5e-af54-4606-b51f-9e6b6da1b2d3",
              "isHook": false,
              "skipped": false
            },
            {
              "title": "should remove the item if an empty text string was entered",
              "fullTitle": "TodoMVC - React should remove the item if an empty text string was entered",
              "timedOut": null,
              "duration": 1540,
              "state": "passed",
              "speed": "fast",
              "pass": true,
              "fail": false,
              "pending": false,
              "context": null,
              "code": "cy.createDefaultTodos();\ncy.get('.new-todo').type('  ').type('{enter}');\ncy.get('.main ul li').should('have.length', 3);",
              "err": {},
              "uuid": "e120afd6-ade9-4bea-9644-f28fae94d280",
              "parentUUID": "ed8cdb5e-af54-4606-b51f-9e6b6da1b2d3",
              "isHook": false,
              "skipped": false
            },
            {
              "title": "should cancel edits on escape",
              "fullTitle": "TodoMVC - React should cancel edits on escape",
              "timedOut": null,
              "duration": 1662,
              "state": "passed",
              "speed": "fast",
              "pass": true,
              "fail": false,
              "pending": false,
              "context": null,
              "code": "cy.createDefaultTodos().as('todos');\ncy.get('@todos').eq(0).as('firstEl').dblclick().type('{esc}');\ncy.get('.main ul li').eq(0).should('contain', TODO_ITEM_ONE);",
              "err": {},
              "uuid": "1accd30f-9324-4113-be80-ef5febda42e6",
              "parentUUID": "ed8cdb5e-af54-4606-b51f-9e6b6da1b2d3",
              "isHook": false,
              "skipped": false
            },
            {
              "title": "should cancel edits on escape",
              "fullTitle": "TodoMVC - React should cancel edits on escape",
              "timedOut": null,
              "duration": 1391,
              "state": "passed",
              "speed": "fast",
              "pass": true,
              "fail": false,
              "pending": false,
              "context": null,
              "code": "let ar = ['3', ' ', 'items', ' ', 'left'];\ncy.createDefaultTodos();\ncy.get('.todo-count').children().each((el, index) => {\n  expect(el.text()).to.include(ar[index]);\n});",
              "err": {},
              "uuid": "e577e46e-8f96-40b7-8f17-d98fc4e8c360",
              "parentUUID": "ed8cdb5e-af54-4606-b51f-9e6b6da1b2d3",
              "isHook": false,
              "skipped": false
            },
            {
              "title": "should cancel edits on escape",
              "fullTitle": "TodoMVC - React should cancel edits on escape",
              "timedOut": null,
              "duration": 1504,
              "state": "passed",
              "speed": "fast",
              "pass": true,
              "fail": false,
              "pending": false,
              "context": null,
              "code": "cy.createDefaultTodos();\ncy.get('.todo-count').children().then(el => {\n  cy.log(el);\n  expect(el.eq(0)).to.contain('3');\n  expect(el.eq(1)).to.contain(' ');\n  expect(el.eq(2)).to.contain('items');\n  expect(el.eq(3)).to.contain(' left');\n});",
              "err": {},
              "uuid": "2efe6fb7-306d-4e48-bb6c-25a24c713bfa",
              "parentUUID": "ed8cdb5e-af54-4606-b51f-9e6b6da1b2d3",
              "isHook": false,
              "skipped": false
            },
            {
              "title": "Clear completed button",
              "fullTitle": "TodoMVC - React Clear completed button",
              "timedOut": null,
              "duration": 1447,
              "state": "passed",
              "speed": "fast",
              "pass": true,
              "fail": false,
              "pending": false,
              "context": null,
              "code": "cy.createDefaultTodos();\ncy.get('.main ul li').first().find('[type=\"checkbox\"]').check();\ncy.get('.clear-completed').should('exist');",
              "err": {},
              "uuid": "aea39f67-97c7-4d41-ab3b-cb4c0f99c0bc",
              "parentUUID": "ed8cdb5e-af54-4606-b51f-9e6b6da1b2d3",
              "isHook": false,
              "skipped": false
            },
            {
              "title": "should remove completed items when clicked",
              "fullTitle": "TodoMVC - React should remove completed items when clicked",
              "timedOut": null,
              "duration": 1585,
              "state": "passed",
              "speed": "fast",
              "pass": true,
              "fail": false,
              "pending": false,
              "context": null,
              "code": "cy.createDefaultTodos();\ncy.get('.main ul li').first().as('firstEl').find('[type=\"checkbox\"]').check();\ncy.get('.clear-completed').click();\ncy.get('.main li').should('not.contain', TODO_ITEM_ONE);",
              "err": {},
              "uuid": "a7b3c78c-a664-4bea-8c9e-0f33e6918645",
              "parentUUID": "ed8cdb5e-af54-4606-b51f-9e6b6da1b2d3",
              "isHook": false,
              "skipped": false
            },
            {
              "title": "should be hidden when there are no items that are completed",
              "fullTitle": "TodoMVC - React should be hidden when there are no items that are completed",
              "timedOut": null,
              "duration": 1354,
              "state": "passed",
              "speed": "fast",
              "pass": true,
              "fail": false,
              "pending": false,
              "context": null,
              "code": "cy.createDefaultTodos();\ncy.get('.clear-completed').should('not.exist');",
              "err": {},
              "uuid": "f4d8417e-bf1a-420a-8e8d-cc700014f010",
              "parentUUID": "ed8cdb5e-af54-4606-b51f-9e6b6da1b2d3",
              "isHook": false,
              "skipped": false
            },
            {
              "title": "should persist its data",
              "fullTitle": "TodoMVC - React should persist its data",
              "timedOut": null,
              "duration": 1802,
              "state": "passed",
              "speed": "fast",
              "pass": true,
              "fail": false,
              "pending": false,
              "context": null,
              "code": "cy.createDefaultTodos();\ncy.get('.main li').as('list').should('have.length', 3);\ncy.reload();\ncy.get('@list').should('have.length', 3);",
              "err": {},
              "uuid": "058f98ee-d062-4301-8c79-f50c5a77107d",
              "parentUUID": "ed8cdb5e-af54-4606-b51f-9e6b6da1b2d3",
              "isHook": false,
              "skipped": false
            },
            {
              "title": "should allow me to display active items",
              "fullTitle": "TodoMVC - React should allow me to display active items",
              "timedOut": null,
              "duration": 1567,
              "state": "passed",
              "speed": "fast",
              "pass": true,
              "fail": false,
              "pending": false,
              "context": null,
              "code": "cy.createDefaultTodos();\ncy.get('.main ul li').first().as('firstEl').find('[type=\"checkbox\"]').check();\ncy.get('footer ul li:nth-of-type(2)').click();\ncy.get('.main li').should('not.contain', TODO_ITEM_ONE);",
              "err": {},
              "uuid": "e18cf8db-cf70-4cfe-8f4f-aa8bb0872c89",
              "parentUUID": "ed8cdb5e-af54-4606-b51f-9e6b6da1b2d3",
              "isHook": false,
              "skipped": false
            },
            {
              "title": "should respect the back button",
              "fullTitle": "TodoMVC - React should respect the back button",
              "timedOut": null,
              "duration": 1893,
              "state": "passed",
              "speed": "fast",
              "pass": true,
              "fail": false,
              "pending": false,
              "context": null,
              "code": "cy.createDefaultTodos();\ncy.get('.main ul li').first().as('firstEl').find('[type=\"checkbox\"]').check();\ncy.get('footer ul li:nth-of-type(2)').click();\ncy.get('footer ul li:nth-of-type(3)').click();\ncy.go('back');\ncy.get('.main li').should('have.length', 2);\ncy.go('back');\ncy.get('.main li').should('have.length', 3);",
              "err": {},
              "uuid": "351484e4-e82b-40fc-814b-4fbb8cec8552",
              "parentUUID": "ed8cdb5e-af54-4606-b51f-9e6b6da1b2d3",
              "isHook": false,
              "skipped": false
            },
            {
              "title": "should allow me to display completed items",
              "fullTitle": "TodoMVC - React should allow me to display completed items",
              "timedOut": null,
              "duration": 1647,
              "state": "passed",
              "speed": "fast",
              "pass": true,
              "fail": false,
              "pending": false,
              "context": null,
              "code": "cy.createDefaultTodos();\ncy.get('.main ul li').first().as('firstEl').find('[type=\"checkbox\"]').check();\ncy.get('footer ul li:nth-of-type(3)').click().should('have.length', 1);",
              "err": {},
              "uuid": "56b8bbda-6e20-4db9-944e-93e147ae3f03",
              "parentUUID": "ed8cdb5e-af54-4606-b51f-9e6b6da1b2d3",
              "isHook": false,
              "skipped": false
            },
            {
              "title": "should allow me to display all items",
              "fullTitle": "TodoMVC - React should allow me to display all items",
              "timedOut": null,
              "duration": 1603,
              "state": "passed",
              "speed": "fast",
              "pass": true,
              "fail": false,
              "pending": false,
              "context": null,
              "code": "cy.createDefaultTodos();\ncy.get('.main ul li').first().as('firstEl').find('[type=\"checkbox\"]').check();\ncy.get('footer ul li:nth-of-type(3)').click();\ncy.get('footer ul li:nth-of-type(1)').click();\ncy.get('.main li').should('have.length', 3);",
              "err": {},
              "uuid": "442ef3bf-39ca-41e4-acab-e06b81e9b03a",
              "parentUUID": "ed8cdb5e-af54-4606-b51f-9e6b6da1b2d3",
              "isHook": false,
              "skipped": false
            },
            {
              "title": "should highlight the currently applied filter",
              "fullTitle": "TodoMVC - React should highlight the currently applied filter",
              "timedOut": null,
              "duration": 1337,
              "state": "passed",
              "speed": "fast",
              "pass": true,
              "fail": false,
              "pending": false,
              "context": null,
              "code": "cy.createDefaultTodos();\ncy.get('footer ul li:nth-of-type(1) a').should('have.class', 'selected');",
              "err": {},
              "uuid": "60ca73bc-6105-4d92-8500-745cde3d191b",
              "parentUUID": "ed8cdb5e-af54-4606-b51f-9e6b6da1b2d3",
              "isHook": false,
              "skipped": false
            },
            {
              "title": "has good contrast when empty",
              "fullTitle": "TodoMVC - React has good contrast when empty",
              "timedOut": null,
              "duration": 817,
              "state": "failed",
              "speed": null,
              "pass": false,
              "fail": true,
              "pending": false,
              "context": null,
              "code": "cy.addAxeCode();\ncy.checkA11y();",
              "err": {
                "message": "AssertionError: 2 accessibility violations were detected: expected 2 to equal 0",
                "estack": "AssertionError: 2 accessibility violations were detected: expected 2 to equal 0\n    at Context.eval (webpack:///./node_modules/cypress-axe/dist/index.js:76:0)",
                "diff": null
              },
              "uuid": "a1947978-2794-4d5a-a67a-72691d686bed",
              "parentUUID": "ed8cdb5e-af54-4606-b51f-9e6b6da1b2d3",
              "isHook": false,
              "skipped": false
            }
          ],
          "suites": [],
          "passes": [
            "e206b4dc-1a89-4bf5-8487-dc886c44d407",
            "569cbf6e-5d60-4681-8c43-a60f8199749f",
            "347f5f09-b539-4a3b-af32-3d2865b1eac2",
            "c51d1f17-ece2-4501-9f64-9ebcac4353c6",
            "85af9322-d67e-4630-ac88-6d90ed63a6df",
            "01ae5bcd-e2c7-4506-a207-4e0812f8d900",
            "803e3b9d-8068-428b-b97b-69bbb87a7589",
            "78df0e50-5eb1-4bd2-a3be-b9759338b538",
            "ca55e7e6-5ceb-4084-9628-44e77d81e1ae",
            "fe6a7b59-c7e8-4fd3-8d01-693b7497cfd1",
            "2d113470-9c99-44d6-9f25-76164491162d",
            "374d3508-ba8e-4b90-940c-e4e150d251d6",
            "7bc02d48-efe6-4284-8048-14702c4f86e3",
            "fba75c83-159f-4ec4-971e-c111d888347c",
            "e120afd6-ade9-4bea-9644-f28fae94d280",
            "1accd30f-9324-4113-be80-ef5febda42e6",
            "e577e46e-8f96-40b7-8f17-d98fc4e8c360",
            "2efe6fb7-306d-4e48-bb6c-25a24c713bfa",
            "aea39f67-97c7-4d41-ab3b-cb4c0f99c0bc",
            "a7b3c78c-a664-4bea-8c9e-0f33e6918645",
            "f4d8417e-bf1a-420a-8e8d-cc700014f010",
            "058f98ee-d062-4301-8c79-f50c5a77107d",
            "e18cf8db-cf70-4cfe-8f4f-aa8bb0872c89",
            "351484e4-e82b-40fc-814b-4fbb8cec8552",
            "56b8bbda-6e20-4db9-944e-93e147ae3f03",
            "442ef3bf-39ca-41e4-acab-e06b81e9b03a",
            "60ca73bc-6105-4d92-8500-745cde3d191b"
          ],
          "failures": [
            "a1947978-2794-4d5a-a67a-72691d686bed"
          ],
          "pending": [],
          "skipped": [],
          "duration": 39999,
          "root": false,
          "rootEmpty": false,
          "_timeout": 2000
        }
      ],
      "passes": [],
      "failures": [],
      "pending": [],
      "skipped": [],
      "duration": 0,
      "root": true,
      "rootEmpty": true,
      "_timeout": 2000
    }
  ],
  "meta": {
    "mocha": {
      "version": "7.0.1"
    },
    "mochawesome": {
      "options": {
        "quiet": false,
        "reportFilename": "mochawesome",
        "saveHtml": false,
        "saveJson": true,
        "consoleReporter": "spec",
        "useInlineDiffs": false,
        "code": true
      },
      "version": "7.1.3"
    },
    "marge": {
      "options": {
        "reportDir": "cypress/results",
        "overwrite": false,
        "html": false,
        "json": true
      },
      "version": "6.2.0"
    }
  }
}